[2025-12-22 10:44:20,459: INFO: main: welcome to the project ]
[2025-12-23 12:03:15,142: INFO: common: safely opened yaml: config\config.yaml]
[2025-12-23 12:03:15,142: INFO: common: safely opened yaml: config\params.yaml]
[2025-12-23 12:03:15,190: INFO: common: safely opened yaml: config\schema.yaml]
[2025-12-23 12:03:41,304: INFO: common: safely opened yaml: config\config.yaml]
[2025-12-23 12:03:41,311: INFO: common: safely opened yaml: config\params.yaml]
[2025-12-23 12:03:41,317: INFO: common: safely opened yaml: config\schema.yaml]
[2025-12-23 12:05:54,446: INFO: common: safely opened yaml: config\config.yaml]
[2025-12-23 12:05:54,452: INFO: common: safely opened yaml: config\params.yaml]
[2025-12-23 12:05:54,457: INFO: common: safely opened yaml: config\schema.yaml]
[2025-12-23 12:05:54,463: INFO: common: created directory at: artifacts]
[2025-12-23 12:05:54,467: INFO: common: created directory at: artifacts/data_ingest]
[2025-12-23 12:08:31,783: INFO: common: safely opened yaml: config\config.yaml]
[2025-12-23 12:08:31,788: INFO: common: safely opened yaml: config\params.yaml]
[2025-12-23 12:08:31,793: INFO: common: safely opened yaml: config\schema.yaml]
[2025-12-23 12:08:31,801: INFO: common: created directory at: artifacts]
[2025-12-23 12:08:31,806: INFO: common: created directory at: artifacts/data_ingest]
[2025-12-23 12:08:55,336: INFO: common: safely opened yaml: config\config.yaml]
[2025-12-23 12:08:55,342: INFO: common: safely opened yaml: config\params.yaml]
[2025-12-23 12:08:55,347: INFO: common: safely opened yaml: config\schema.yaml]
[2025-12-23 12:08:55,352: INFO: common: created directory at: artifacts]
[2025-12-23 12:08:55,356: INFO: common: created directory at: artifacts/data_ingest]
[2025-12-23 12:08:55,360: INFO: 601047097: file already exists]
[2025-12-23 12:15:56,278: INFO: common: safely opened yaml: config\config.yaml]
[2025-12-23 12:15:56,285: INFO: common: safely opened yaml: config\params.yaml]
[2025-12-23 12:15:56,292: INFO: common: safely opened yaml: config\schema.yaml]
[2025-12-23 12:15:56,297: INFO: common: created directory at: artifacts]
[2025-12-23 12:15:56,303: INFO: common: created directory at: artifacts/data_ingest]
[2025-12-23 12:15:56,307: INFO: 601047097: file already exists]
[2025-12-23 16:35:20,678: INFO: main: welcome to the project ]
[2025-12-23 16:36:31,574: INFO: main: >>>> Data Ingestion Stage started <<<<]
[2025-12-23 16:36:31,589: INFO: common: safely opened yaml: config\config.yaml]
[2025-12-23 16:36:31,589: INFO: common: safely opened yaml: config\params.yaml]
[2025-12-23 16:36:31,589: INFO: common: safely opened yaml: config\schema.yaml]
[2025-12-23 16:36:31,589: INFO: common: created directory at: artifacts]
[2025-12-23 16:36:31,589: INFO: common: created directory at: artifacts/data_ingest]
[2025-12-23 16:36:31,602: INFO: data_ingestion: file already exists]
[2025-12-23 16:36:31,602: INFO: main: >>>>> Data Ingestion Stage Completed]
[2025-12-24 11:54:12,655: INFO: common: safely opened yaml: config\config.yaml]
[2025-12-24 11:54:12,665: INFO: common: safely opened yaml: config\params.yaml]
[2025-12-24 11:54:12,716: INFO: common: safely opened yaml: config\schema.yaml]
[2025-12-24 11:54:12,720: INFO: common: created directory at: artifacts]
[2025-12-24 11:56:45,155: INFO: common: safely opened yaml: config\config.yaml]
[2025-12-24 11:56:45,162: INFO: common: safely opened yaml: config\params.yaml]
[2025-12-24 11:56:45,177: INFO: common: safely opened yaml: config\schema.yaml]
[2025-12-24 11:56:45,181: INFO: common: created directory at: artifacts]
[2025-12-24 12:01:05,486: INFO: common: safely opened yaml: config\config.yaml]
[2025-12-24 12:01:05,492: INFO: common: safely opened yaml: config\params.yaml]
[2025-12-24 12:01:05,506: INFO: common: safely opened yaml: config\schema.yaml]
[2025-12-24 12:01:05,510: INFO: common: created directory at: artifacts]
[2025-12-24 12:01:05,514: INFO: common: created directory at: artifacts/data_validate]
[2025-12-24 12:44:19,016: INFO: main: >>>> Data Ingestion Stage started <<<<]
[2025-12-24 12:44:19,031: INFO: common: safely opened yaml: config\config.yaml]
[2025-12-24 12:44:19,056: INFO: common: safely opened yaml: config\params.yaml]
[2025-12-24 12:44:19,094: INFO: common: safely opened yaml: config\schema.yaml]
[2025-12-24 12:44:19,094: INFO: common: created directory at: artifacts]
[2025-12-24 12:44:19,118: INFO: common: created directory at: artifacts/data_ingest]
[2025-12-24 12:44:19,136: INFO: data_ingestion: file already exists]
[2025-12-24 12:44:19,146: INFO: main: >>>>> Data Ingestion Stage Completed]
[2025-12-25 14:42:31,221: INFO: common: safely opened yaml: config\config.yaml]
[2025-12-25 14:42:31,261: INFO: common: safely opened yaml: config\params.yaml]
[2025-12-25 14:42:31,303: INFO: common: safely opened yaml: config\schema.yaml]
[2025-12-25 14:42:31,311: INFO: common: created directory at: artifacts]
[2025-12-25 14:42:53,396: INFO: common: safely opened yaml: config\config.yaml]
[2025-12-25 14:42:53,404: INFO: common: safely opened yaml: config\params.yaml]
[2025-12-25 14:42:53,417: INFO: common: safely opened yaml: config\schema.yaml]
[2025-12-25 14:42:53,417: INFO: common: created directory at: artifacts]
[2025-12-25 14:43:32,978: INFO: common: safely opened yaml: config\config.yaml]
[2025-12-25 14:43:32,978: INFO: common: safely opened yaml: config\params.yaml]
[2025-12-25 14:43:32,991: INFO: common: safely opened yaml: config\schema.yaml]
[2025-12-25 14:43:32,991: INFO: common: created directory at: artifacts]
[2025-12-25 14:51:24,394: INFO: common: safely opened yaml: config\config.yaml]
[2025-12-25 14:51:24,402: INFO: common: safely opened yaml: config\params.yaml]
[2025-12-25 14:51:24,419: INFO: common: safely opened yaml: config\schema.yaml]
[2025-12-25 14:51:24,419: INFO: common: created directory at: artifacts]
[2025-12-25 14:51:24,427: INFO: common: created directory at: artifacts/data_transform]
[2025-12-25 14:54:15,578: INFO: common: safely opened yaml: config\config.yaml]
[2025-12-25 14:54:15,591: INFO: common: safely opened yaml: config\params.yaml]
[2025-12-25 14:54:15,599: INFO: common: safely opened yaml: config\schema.yaml]
[2025-12-25 14:54:15,599: INFO: common: created directory at: artifacts]
[2025-12-25 14:54:15,607: INFO: common: created directory at: artifacts/data_transform]
[2025-12-25 14:54:15,749: INFO: 1377358030: splitted data]
[2025-12-25 14:54:15,758: INFO: 1377358030: (1199, 12)]
[2025-12-25 14:54:15,758: INFO: 1377358030: (400, 12)]
[2025-12-25 15:54:50,489: INFO: main: >>>> Data Ingestion Stage started <<<<]
[2025-12-25 15:54:50,505: INFO: common: safely opened yaml: config\config.yaml]
[2025-12-25 15:54:50,505: INFO: common: safely opened yaml: config\params.yaml]
[2025-12-25 15:54:50,518: INFO: common: safely opened yaml: config\schema.yaml]
[2025-12-25 15:54:50,521: INFO: common: created directory at: artifacts]
[2025-12-25 15:54:50,522: INFO: common: created directory at: artifacts/data_ingest]
[2025-12-25 15:54:50,523: INFO: data_ingestion: file already exists]
[2025-12-25 15:54:50,526: INFO: main: >>>>> Data Ingestion Stage Completed]
[2025-12-25 15:54:50,526: INFO: main: >>>stage_nameData Validation Stage started]
[2025-12-25 15:54:50,542: INFO: common: safely opened yaml: config\config.yaml]
[2025-12-25 15:54:50,542: INFO: common: safely opened yaml: config\params.yaml]
[2025-12-25 15:54:50,562: INFO: common: safely opened yaml: config\schema.yaml]
[2025-12-25 15:54:50,562: INFO: common: created directory at: artifacts]
[2025-12-25 15:54:50,562: INFO: common: created directory at: artifacts/data_validate]
[2025-12-25 15:54:50,593: INFO: main: stage name Data Validation Stage completed]
[2025-12-25 15:54:50,593: INFO: main: stage_name>>>>>Data Transformation<<<<<<<<]
[2025-12-25 15:54:50,593: ERROR: main: [Errno 2] No such file or directory: 'artifacts\\data_validate\\status.txt\\r']
Traceback (most recent call last):
  File "C:\Users\Dell\OneDrive\Desktop\GIT DEMO\aws\DsProject\main.py", line 30, in <module>
    transformer._initiate_transformation()
  File "C:\Users\Dell\OneDrive\Desktop\GIT DEMO\aws\DsProject\src\ds\pipeline\dtrans.py", line 27, in _initiate_transformation
    raise e
  File "C:\Users\Dell\OneDrive\Desktop\GIT DEMO\aws\DsProject\src\ds\pipeline\dtrans.py", line 17, in _initiate_transformation
    with open(Path('artifacts/data_validate/status.txt','r')) as file:
FileNotFoundError: [Errno 2] No such file or directory: 'artifacts\\data_validate\\status.txt\\r'
[2025-12-25 15:56:51,363: INFO: main: >>>> Data Ingestion Stage started <<<<]
[2025-12-25 15:56:51,363: INFO: common: safely opened yaml: config\config.yaml]
[2025-12-25 15:56:51,363: INFO: common: safely opened yaml: config\params.yaml]
[2025-12-25 15:56:51,385: INFO: common: safely opened yaml: config\schema.yaml]
[2025-12-25 15:56:51,387: INFO: common: created directory at: artifacts]
[2025-12-25 15:56:51,389: INFO: common: created directory at: artifacts/data_ingest]
[2025-12-25 15:56:51,390: INFO: data_ingestion: file already exists]
[2025-12-25 15:56:51,391: INFO: main: >>>>> Data Ingestion Stage Completed]
[2025-12-25 15:56:51,391: INFO: main: >>>stage_nameData Validation Stage started]
[2025-12-25 15:56:51,400: INFO: common: safely opened yaml: config\config.yaml]
[2025-12-25 15:56:51,400: INFO: common: safely opened yaml: config\params.yaml]
[2025-12-25 15:56:51,417: INFO: common: safely opened yaml: config\schema.yaml]
[2025-12-25 15:56:51,417: INFO: common: created directory at: artifacts]
[2025-12-25 15:56:51,417: INFO: common: created directory at: artifacts/data_validate]
[2025-12-25 15:56:51,467: INFO: main: stage name Data Validation Stage completed]
[2025-12-25 15:56:51,467: INFO: main: stage_name>>>>>Data Transformation<<<<<<<<]
[2025-12-25 15:56:51,467: ERROR: main: your scheme is not valid ]
Traceback (most recent call last):
  File "C:\Users\Dell\OneDrive\Desktop\GIT DEMO\aws\DsProject\main.py", line 30, in <module>
    transformer._initiate_transformation()
  File "C:\Users\Dell\OneDrive\Desktop\GIT DEMO\aws\DsProject\src\ds\pipeline\dtrans.py", line 27, in _initiate_transformation
    raise e
  File "C:\Users\Dell\OneDrive\Desktop\GIT DEMO\aws\DsProject\src\ds\pipeline\dtrans.py", line 25, in _initiate_transformation
    raise Exception("your scheme is not valid ")
Exception: your scheme is not valid 
[2025-12-25 15:57:25,099: INFO: common: safely opened yaml: config\config.yaml]
[2025-12-25 15:57:25,108: INFO: common: safely opened yaml: config\params.yaml]
[2025-12-25 15:57:25,116: INFO: common: safely opened yaml: config\schema.yaml]
[2025-12-25 15:57:25,116: INFO: common: created directory at: artifacts]
[2025-12-25 15:57:25,138: INFO: common: created directory at: artifacts/data_transform]
[2025-12-25 15:57:25,301: INFO: 1377358030: splitted data]
[2025-12-25 15:57:25,301: INFO: 1377358030: (1199, 12)]
[2025-12-25 15:57:25,301: INFO: 1377358030: (400, 12)]
[2025-12-25 16:00:27,800: INFO: common: safely opened yaml: config\config.yaml]
[2025-12-25 16:00:27,806: INFO: common: safely opened yaml: config\params.yaml]
[2025-12-25 16:00:27,822: INFO: common: safely opened yaml: config\schema.yaml]
[2025-12-25 16:00:27,828: INFO: common: created directory at: artifacts]
[2025-12-25 16:00:27,833: INFO: common: created directory at: artifacts/data_validate]
[2025-12-25 16:01:12,069: INFO: main: >>>> Data Ingestion Stage started <<<<]
[2025-12-25 16:01:12,077: INFO: common: safely opened yaml: config\config.yaml]
[2025-12-25 16:01:12,079: INFO: common: safely opened yaml: config\params.yaml]
[2025-12-25 16:01:12,090: INFO: common: safely opened yaml: config\schema.yaml]
[2025-12-25 16:01:12,093: INFO: common: created directory at: artifacts]
[2025-12-25 16:01:12,095: INFO: common: created directory at: artifacts/data_ingest]
[2025-12-25 16:01:12,099: INFO: data_ingestion: file already exists]
[2025-12-25 16:01:12,107: INFO: main: >>>>> Data Ingestion Stage Completed]
[2025-12-25 16:01:12,110: INFO: main: >>>stage_nameData Validation Stage started]
[2025-12-25 16:01:12,124: INFO: common: safely opened yaml: config\config.yaml]
[2025-12-25 16:01:12,128: INFO: common: safely opened yaml: config\params.yaml]
[2025-12-25 16:01:12,173: INFO: common: safely opened yaml: config\schema.yaml]
[2025-12-25 16:01:12,217: INFO: common: created directory at: artifacts]
[2025-12-25 16:01:12,298: INFO: common: created directory at: artifacts/data_validate]
[2025-12-25 16:01:12,341: INFO: main: stage name Data Validation Stage completed]
[2025-12-25 16:01:12,354: INFO: main: stage_name>>>>>Data Transformation<<<<<<<<]
[2025-12-25 16:01:12,430: ERROR: main: your scheme is not valid ]
Traceback (most recent call last):
  File "C:\Users\Dell\OneDrive\Desktop\GIT DEMO\aws\DsProject\main.py", line 30, in <module>
    transformer._initiate_transformation()
  File "C:\Users\Dell\OneDrive\Desktop\GIT DEMO\aws\DsProject\src\ds\pipeline\dtrans.py", line 27, in _initiate_transformation
    raise e
  File "C:\Users\Dell\OneDrive\Desktop\GIT DEMO\aws\DsProject\src\ds\pipeline\dtrans.py", line 25, in _initiate_transformation
    raise Exception("your scheme is not valid ")
Exception: your scheme is not valid 
